2025/02/28 14:55:27 Starting server on port :9090
2025/02/28 14:55:27 Error starting server: listen tcp :9090: bind: Only one usage of each socket address (protocol/network address/port) is normally permitted.
2025/02/28 14:56:03 Starting server on port :9095
2025/02/28 14:56:46 Received request: GET / Server: localhost:9095
2025/02/28 14:57:01 Request completed: GET / Server: localhost:9095 Server URL: http://localhost:9091
2025/02/28 14:57:01 Received request: GET /favicon.ico Server: localhost:9095
2025/02/28 14:57:01 Received request: GET / Server: localhost:9095
2025/02/28 14:57:05 Received request: GET / Server: localhost:9095
2025/02/28 14:57:07 Received request: GET / Server: localhost:9095
2025/02/28 14:57:09 Received request: GET / Server: localhost:9095
2025/02/28 14:57:16 Request completed: GET /favicon.ico Server: localhost:9095 Server URL: http://localhost:9091
2025/02/28 14:57:16 http: proxy error: context canceled
2025/02/28 14:57:16 http: proxy error: context canceled
2025/02/28 14:57:22 Received request: GET / Server: localhost:9095
2025/02/28 14:57:26 Received request: GET / Server: localhost:9095
2025/02/28 14:57:31 Request completed: GET / Server: localhost:9095 Server URL: http://localhost:9092
2025/02/28 14:57:31 Received request: GET / Server: localhost:9095
2025/02/28 14:57:31 http: proxy error: context canceled
2025/02/28 14:57:31 Request completed: GET / Server: localhost:9095 Server URL: http://localhost:9091
2025/02/28 14:57:36 Received request: GET / Server: localhost:9095
2025/02/28 14:57:36 Received request: GET / Server: localhost:9095
2025/02/28 14:57:36 Received request: GET / Server: localhost:9095
2025/02/28 14:57:36 Received request: GET / Server: localhost:9095
2025/02/28 14:57:38 Received request: GET / Server: localhost:9095
2025/02/28 14:57:46 Request completed: GET / Server: localhost:9095 Server URL: http://localhost:9091
2025/02/28 14:57:46 http: proxy error: context canceled
2025/02/28 14:57:46 http: proxy error: context canceled
2025/02/28 15:40:53 Starting server on port :9095
2025/02/28 15:41:09 Received request: GET / Server: localhost:9095
2025/02/28 15:41:24 Request completed: GET / Server: localhost:9095 Server URL: http://localhost:9091
2025/02/28 15:41:24 Received request: GET /favicon.ico Server: localhost:9095
2025/02/28 15:41:27 Received request: GET / Server: localhost:9095
2025/02/28 15:41:39 Request completed: GET /favicon.ico Server: localhost:9095 Server URL: http://localhost:9091
2025/02/28 15:42:57 Starting server on port :9095
2025/02/28 15:43:04 Received request: GET / Server: localhost:9095
2025/02/28 15:43:07 Request completed: GET / Server: localhost:9095 Server URL: http://localhost:9091
2025/02/28 15:43:07 Received request: GET /favicon.ico Server: localhost:9095
2025/02/28 15:43:10 Received request: GET / Server: localhost:9095
2025/02/28 15:43:10 Request completed: GET /favicon.ico Server: localhost:9095 Server URL: http://localhost:9091
2025/02/28 15:43:13 Request completed: GET / Server: localhost:9095 Server URL: http://localhost:9091
2025/02/28 15:43:13 Received request: GET /favicon.ico Server: localhost:9095
2025/02/28 15:43:14 Received request: GET / Server: localhost:9095
2025/02/28 15:43:16 Request completed: GET /favicon.ico Server: localhost:9095 Server URL: http://localhost:9091
2025/02/28 15:43:19 Request completed: GET / Server: localhost:9095 Server URL: http://localhost:9091
2025/02/28 15:43:19 Received request: GET /favicon.ico Server: localhost:9095
2025/02/28 15:43:20 Received request: GET / Server: localhost:9095
2025/02/28 15:43:22 Request completed: GET /favicon.ico Server: localhost:9095 Server URL: http://localhost:9091
2025/02/28 15:43:25 Request completed: GET / Server: localhost:9095 Server URL: http://localhost:9091
2025/02/28 15:43:25 Received request: GET /favicon.ico Server: localhost:9095
2025/02/28 15:43:28 Request completed: GET /favicon.ico Server: localhost:9095 Server URL: http://localhost:9091
2025/02/28 15:43:30 Received request: GET / Server: localhost:9095
2025/02/28 15:43:33 Request completed: GET / Server: localhost:9095 Server URL: http://localhost:9091
2025/02/28 15:43:33 Received request: GET /favicon.ico Server: localhost:9095
2025/02/28 15:43:36 Request completed: GET /favicon.ico Server: localhost:9095 Server URL: http://localhost:9091
2025/02/28 15:44:24 Starting server on port :9095
2025/02/28 15:44:33 Received request: GET / Server: localhost:9095
2025/02/28 15:44:36 Request completed: GET / Server: localhost:9095 Server URL: http://localhost:9090
2025/02/28 15:44:36 Received request: GET /favicon.ico Server: localhost:9095
2025/02/28 15:44:38 Received request: GET / Server: localhost:9095
2025/02/28 15:44:39 Request completed: GET /favicon.ico Server: localhost:9095 Server URL: http://localhost:9090
2025/02/28 15:44:42 Request completed: GET / Server: localhost:9095 Server URL: http://localhost:9090
2025/02/28 15:44:42 Received request: GET /favicon.ico Server: localhost:9095
2025/02/28 15:44:43 Received request: GET / Server: localhost:9095
2025/02/28 15:44:45 Request completed: GET /favicon.ico Server: localhost:9095 Server URL: http://localhost:9090
2025/02/28 15:44:48 Request completed: GET / Server: localhost:9095 Server URL: http://localhost:9090
2025/02/28 15:44:48 Received request: GET /favicon.ico Server: localhost:9095
2025/02/28 15:44:51 Request completed: GET /favicon.ico Server: localhost:9095 Server URL: http://localhost:9090
2025/02/28 15:45:01 Received request: GET / Server: localhost:9095
2025/02/28 15:45:04 Request completed: GET / Server: localhost:9095 Server URL: http://localhost:9091
2025/02/28 15:45:04 Received request: GET /favicon.ico Server: localhost:9095
2025/02/28 15:45:07 Request completed: GET /favicon.ico Server: localhost:9095 Server URL: http://localhost:9091
2025/02/28 15:45:15 Received request: GET / Server: localhost:9095
2025/02/28 15:45:18 Request completed: GET / Server: localhost:9095 Server URL: http://localhost:9090
2025/02/28 15:45:18 Received request: GET /favicon.ico Server: localhost:9095
2025/02/28 15:45:21 Request completed: GET /favicon.ico Server: localhost:9095 Server URL: http://localhost:9090
2025/02/28 15:54:37 Starting server on port :9095
2025/02/28 15:54:52 Received request: GET / Server: localhost:9095
2025/02/28 15:54:52 http: proxy error: dial tcp [::1]:9090: connectex: No connection could be made because the target machine actively refused it.
2025/02/28 15:54:55 Request completed: GET / Server: localhost:9095 Server URL: http://localhost:9090
2025/02/28 15:55:07 Received request: GET / Server: localhost:9095
2025/02/28 15:55:10 Request completed: GET / Server: localhost:9095 Server URL: http://localhost:9090
2025/02/28 15:55:10 Received request: GET /favicon.ico Server: localhost:9095
2025/02/28 15:55:13 Request completed: GET /favicon.ico Server: localhost:9095 Server URL: http://localhost:9090
2025/02/28 15:55:16 Received request: GET / Server: localhost:9095
2025/02/28 15:55:19 Request completed: GET / Server: localhost:9095 Server URL: http://localhost:9090
2025/02/28 15:55:19 Received request: GET /favicon.ico Server: localhost:9095
2025/02/28 15:55:22 Request completed: GET /favicon.ico Server: localhost:9095 Server URL: http://localhost:9090
2025/02/28 15:55:26 Received request: GET / Server: localhost:9095
2025/02/28 15:55:30 Request completed: GET / Server: localhost:9095 Server URL: http://localhost:9091
2025/02/28 15:55:30 Received request: GET /favicon.ico Server: localhost:9095
2025/02/28 15:55:33 Request completed: GET /favicon.ico Server: localhost:9095 Server URL: http://localhost:9091
2025/02/28 15:55:38 Received request: GET / Server: localhost:9095
2025/02/28 15:55:41 Request completed: GET / Server: localhost:9095 Server URL: http://localhost:9090
2025/02/28 15:55:41 Received request: GET /favicon.ico Server: localhost:9095
2025/02/28 15:55:44 Request completed: GET /favicon.ico Server: localhost:9095 Server URL: http://localhost:9090
2025/02/28 16:02:00 Starting server on port :9095
2025/02/28 16:02:17 Received request: GET / Server: localhost:9095
2025/02/28 16:02:20 Request completed: GET / Server: localhost:9095 Server URL: http://localhost:9090
2025/02/28 16:02:20 Received request: GET /favicon.ico Server: localhost:9095
2025/02/28 16:02:23 Request completed: GET /favicon.ico Server: localhost:9095 Server URL: http://localhost:9090
2025/03/01 13:15:25 Starting server on port :9095
2025/03/01 20:53:51 Starting server on port :9095
2025/03/01 20:55:54 Received request: GET / Server: localhost:9095
2025/03/01 20:55:57 Request completed: GET / Server: localhost:9095 Server URL: http://localhost:9090
2025/03/01 20:55:57 Received request: GET /favicon.ico Server: localhost:9095
2025/03/01 20:56:00 Request completed: GET /favicon.ico Server: localhost:9095 Server URL: http://localhost:9090
2025/03/01 20:56:00 Received request: GET / Server: localhost:9095
2025/03/01 20:56:03 Request completed: GET / Server: localhost:9095 Server URL: http://localhost:9090
2025/03/01 20:56:04 Received request: GET /favicon.ico Server: localhost:9095
2025/03/01 20:56:07 Request completed: GET /favicon.ico Server: localhost:9095 Server URL: http://localhost:9090
2025/03/01 20:58:34 Starting server on port :9095
2025/03/01 20:59:14 Received request: GET / Server: localhost:9095
2025/03/01 20:59:17 Request completed: GET / Server: localhost:9095 Server URL: http://localhost:9090
2025/03/01 20:59:28 Received request: GET / Server: localhost:9095
2025/03/01 20:59:31 Request completed: GET / Server: localhost:9095 Server URL: http://localhost:9090
2025/03/01 20:59:32 Received request: GET / Server: localhost:9095
2025/03/01 20:59:35 Request completed: GET / Server: localhost:9095 Server URL: http://localhost:9090
2025/03/01 20:59:37 Received request: GET / Server: localhost:9095
2025/03/01 20:59:40 Request completed: GET / Server: localhost:9095 Server URL: http://localhost:9090
2025/03/01 21:03:22 Received request: GET / Server: localhost:9095
2025/03/01 21:03:25 Request completed: GET / Server: localhost:9095 Server URL: http://localhost:9090
2025/03/01 21:03:25 Received request: GET /favicon.ico Server: localhost:9095
2025/03/01 21:03:26 Received request: GET / Server: localhost:9095
2025/03/01 21:03:27 Received request: GET / Server: localhost:9095
2025/03/01 21:03:28 Received request: GET / Server: localhost:9095
2025/03/01 21:03:28 Received request: GET / Server: localhost:9095
2025/03/01 21:03:28 Received request: GET / Server: localhost:9095
2025/03/01 21:03:28 Received request: GET / Server: localhost:9095
2025/03/01 21:03:28 Received request: GET / Server: localhost:9095
2025/03/01 21:03:28 Request completed: GET /favicon.ico Server: localhost:9095 Server URL: http://localhost:9090
2025/03/01 21:03:28 http: proxy error: context canceled
2025/03/01 21:03:28 Received request: GET / Server: localhost:9095
2025/03/01 21:03:29 Received request: GET / Server: localhost:9095
2025/03/01 21:03:29 Received request: GET / Server: localhost:9095
2025/03/01 21:03:29 Received request: GET / Server: localhost:9095
2025/03/01 21:03:29 Received request: GET / Server: localhost:9095
2025/03/01 21:03:29 Received request: GET / Server: localhost:9095
2025/03/01 21:03:31 http: proxy error: context canceled
2025/03/01 21:03:31 http: proxy error: context canceled
2025/03/01 21:03:31 Request completed: GET / Server: localhost:9095 Server URL: http://localhost:9090
2025/03/01 21:03:31 http: proxy error: context canceled
2025/03/01 21:03:34 Request completed: GET / Server: localhost:9095 Server URL: http://localhost:9090
2025/03/01 21:03:37 Request completed: GET / Server: localhost:9095 Server URL: http://localhost:9090
2025/03/01 21:03:40 Request completed: GET / Server: localhost:9095 Server URL: http://localhost:9090
2025/03/01 21:03:40 http: proxy error: context canceled
2025/03/01 21:03:43 Request completed: GET / Server: localhost:9095 Server URL: http://localhost:9090
2025/03/01 21:03:43 http: proxy error: context canceled
2025/03/01 21:03:43 http: proxy error: context canceled
2025/03/01 21:03:43 http: proxy error: context canceled
2025/03/01 21:03:43 http: proxy error: context canceled
2025/03/01 21:03:43 http: proxy error: context canceled
2025/03/01 21:03:43 http: proxy error: context canceled
2025/03/01 21:03:43 http: proxy error: context canceled
2025/03/01 21:03:46 Request completed: GET / Server: localhost:9095 Server URL: http://localhost:9090
2025/03/01 21:03:46 Received request: GET /favicon.ico Server: localhost:9095
2025/03/01 21:03:49 Request completed: GET / Server: localhost:9095 Server URL: http://localhost:9090
2025/03/01 21:03:52 Request completed: GET / Server: localhost:9095 Server URL: http://localhost:9090
2025/03/01 21:03:55 Request completed: GET / Server: localhost:9095 Server URL: http://localhost:9090
2025/03/01 21:03:58 Request completed: GET / Server: localhost:9095 Server URL: http://localhost:9090
2025/03/01 21:04:01 Request completed: GET / Server: localhost:9095 Server URL: http://localhost:9090
2025/03/01 21:04:04 Request completed: GET / Server: localhost:9095 Server URL: http://localhost:9090
2025/03/01 21:04:07 Request completed: GET / Server: localhost:9095 Server URL: http://localhost:9090
2025/03/01 21:04:10 Request completed: GET /favicon.ico Server: localhost:9095 Server URL: http://localhost:9090
2025/03/01 21:05:12 Received request: GET / Server: localhost:9095
2025/03/01 21:05:15 Request completed: GET / Server: localhost:9095 Server URL: http://localhost:9090
2025/03/01 21:05:15 Received request: GET /favicon.ico Server: localhost:9095
2025/03/01 21:05:18 Request completed: GET /favicon.ico Server: localhost:9095 Server URL: http://localhost:9090
2025/03/01 21:10:38 Received request: GET / Server: localhost:9095
2025/03/01 21:10:41 Request completed: GET / Server: localhost:9095 Server URL: http://localhost:9090
2025/03/01 21:14:46 Starting server on port :9095
2025/03/01 21:15:29 Received request: GET / Server: localhost:9095
2025/03/01 21:15:29 Received request: GET / Server: localhost:9095
2025/03/01 21:15:29 Received request: GET / Server: localhost:9095
2025/03/01 21:15:29 Received request: GET / Server: localhost:9095
2025/03/01 21:15:30 Received request: GET / Server: localhost:9095
2025/03/01 21:15:30 Received request: GET / Server: localhost:9095
2025/03/01 21:15:30 Received request: GET / Server: localhost:9095
2025/03/01 21:15:30 Received request: GET / Server: localhost:9095
2025/03/01 21:15:30 Received request: GET / Server: localhost:9095
2025/03/01 21:15:30 Received request: GET / Server: localhost:9095
2025/03/01 21:15:32 Request completed: GET / Server: localhost:9095 Server URL: http://localhost:9090
2025/03/01 21:15:35 Request completed: GET / Server: localhost:9095 Server URL: http://localhost:9090
2025/03/01 21:15:35 Request completed: GET / Server: localhost:9095 Server URL: http://localhost:9091
2025/03/01 21:15:35 Request completed: GET / Server: localhost:9095 Server URL: http://localhost:9092
2025/03/01 21:15:38 Request completed: GET / Server: localhost:9095 Server URL: http://localhost:9092
2025/03/01 21:15:38 Request completed: GET / Server: localhost:9095 Server URL: http://localhost:9090
2025/03/01 21:15:38 Request completed: GET / Server: localhost:9095 Server URL: http://localhost:9091
2025/03/01 21:15:41 Request completed: GET / Server: localhost:9095 Server URL: http://localhost:9092
2025/03/01 21:15:41 Request completed: GET / Server: localhost:9095 Server URL: http://localhost:9090
2025/03/01 21:15:41 Request completed: GET / Server: localhost:9095 Server URL: http://localhost:9091
2025/03/01 21:17:18 Received request: GET / Server: localhost:9095
2025/03/01 21:17:18 Received request: GET / Server: localhost:9095
2025/03/01 21:17:21 Request completed: GET / Server: localhost:9095 Server URL: http://localhost:9090
2025/03/01 21:17:24 Request completed: GET / Server: localhost:9095 Server URL: http://localhost:9090
2025/03/01 21:18:22 Received request: GET / Server: localhost:9095
2025/03/01 21:18:22 Received request: GET / Server: localhost:9095
2025/03/01 21:18:22 Received request: GET / Server: localhost:9095
2025/03/01 21:18:22 Received request: GET / Server: localhost:9095
2025/03/01 21:18:22 Received request: GET / Server: localhost:9095
2025/03/01 21:18:25 Request completed: GET / Server: localhost:9095 Server URL: http://localhost:9090
2025/03/01 21:18:28 Request completed: GET / Server: localhost:9095 Server URL: http://localhost:9090
2025/03/01 21:18:28 Request completed: GET / Server: localhost:9095 Server URL: http://localhost:9092
2025/03/01 21:18:28 Request completed: GET / Server: localhost:9095 Server URL: http://localhost:9091
2025/03/01 21:18:31 Request completed: GET / Server: localhost:9095 Server URL: http://localhost:9090
2025/03/01 21:29:03 Received request: GET / Server: localhost:9095
2025/03/01 21:29:03 Received request: GET / Server: localhost:9095
2025/03/01 21:29:03 Received request: GET / Server: localhost:9095
2025/03/01 21:29:03 Received request: GET / Server: localhost:9095
2025/03/01 21:29:03 Received request: GET / Server: localhost:9095
2025/03/01 21:29:03 Received request: GET / Server: localhost:9095
2025/03/01 21:29:03 Received request: GET / Server: localhost:9095
2025/03/01 21:29:03 Received request: GET / Server: localhost:9095
2025/03/01 21:29:03 Received request: GET / Server: localhost:9095
2025/03/01 21:29:04 Received request: GET / Server: localhost:9095
2025/03/01 21:29:06 Request completed: GET / Server: localhost:9095 Server URL: http://localhost:9090
2025/03/01 21:29:09 Request completed: GET / Server: localhost:9095 Server URL: http://localhost:9091
2025/03/01 21:29:09 Request completed: GET / Server: localhost:9095 Server URL: http://localhost:9092
2025/03/01 21:29:09 Request completed: GET / Server: localhost:9095 Server URL: http://localhost:9090
2025/03/01 21:29:12 Request completed: GET / Server: localhost:9095 Server URL: http://localhost:9092
2025/03/01 21:29:12 Request completed: GET / Server: localhost:9095 Server URL: http://localhost:9090
2025/03/01 21:29:12 Request completed: GET / Server: localhost:9095 Server URL: http://localhost:9091
2025/03/01 21:29:15 Request completed: GET / Server: localhost:9095 Server URL: http://localhost:9090
2025/03/01 21:29:15 Request completed: GET / Server: localhost:9095 Server URL: http://localhost:9091
2025/03/01 21:29:15 Request completed: GET / Server: localhost:9095 Server URL: http://localhost:9092
2025/03/01 21:32:12 Received request: GET / Server: localhost:9095
2025/03/01 21:32:12 Received request: GET / Server: localhost:9095
2025/03/01 21:32:12 Received request: GET / Server: localhost:9095
2025/03/01 21:32:12 Received request: GET / Server: localhost:9095
2025/03/01 21:32:12 Received request: GET / Server: localhost:9095
2025/03/01 21:32:12 Received request: GET / Server: localhost:9095
2025/03/01 21:32:12 Received request: GET / Server: localhost:9095
2025/03/01 21:32:12 Received request: GET / Server: localhost:9095
2025/03/01 21:32:13 Received request: GET / Server: localhost:9095
2025/03/01 21:32:13 Received request: GET / Server: localhost:9095
2025/03/01 21:32:13 Received request: GET / Server: localhost:9095
2025/03/01 21:32:13 Received request: GET / Server: localhost:9095
2025/03/01 21:32:13 Received request: GET / Server: localhost:9095
2025/03/01 21:32:13 Received request: GET / Server: localhost:9095
2025/03/01 21:32:13 Received request: GET / Server: localhost:9095
2025/03/01 21:32:13 Received request: GET / Server: localhost:9095
2025/03/01 21:32:13 Received request: GET / Server: localhost:9095
2025/03/01 21:32:14 Received request: GET / Server: localhost:9095
2025/03/01 21:32:14 Received request: GET / Server: localhost:9095
2025/03/01 21:32:14 Received request: GET / Server: localhost:9095
2025/03/01 21:32:14 Received request: GET / Server: localhost:9095
2025/03/01 21:32:14 Received request: GET / Server: localhost:9095
2025/03/01 21:32:14 Received request: GET / Server: localhost:9095
2025/03/01 21:32:14 Received request: GET / Server: localhost:9095
2025/03/01 21:32:14 Received request: GET / Server: localhost:9095
2025/03/01 21:32:14 Received request: GET / Server: localhost:9095
2025/03/01 21:32:15 Received request: GET / Server: localhost:9095
2025/03/01 21:32:15 Received request: GET / Server: localhost:9095
2025/03/01 21:32:15 Request completed: GET / Server: localhost:9095 Server URL: http://localhost:9090
2025/03/01 21:32:15 Received request: GET / Server: localhost:9095
2025/03/01 21:32:15 Received request: GET / Server: localhost:9095
2025/03/01 21:32:15 Received request: GET / Server: localhost:9095
2025/03/01 21:32:15 Received request: GET / Server: localhost:9095
2025/03/01 21:32:15 Received request: GET / Server: localhost:9095
2025/03/01 21:32:15 Received request: GET / Server: localhost:9095
2025/03/01 21:32:15 Received request: GET / Server: localhost:9095
2025/03/01 21:32:16 Received request: GET / Server: localhost:9095
2025/03/01 21:32:16 Received request: GET / Server: localhost:9095
2025/03/01 21:32:16 Received request: GET / Server: localhost:9095
2025/03/01 21:32:16 Received request: GET / Server: localhost:9095
2025/03/01 21:32:16 Received request: GET / Server: localhost:9095
2025/03/01 21:32:16 Received request: GET / Server: localhost:9095
2025/03/01 21:32:16 Received request: GET / Server: localhost:9095
2025/03/01 21:32:16 Received request: GET / Server: localhost:9095
2025/03/01 21:32:16 Received request: GET / Server: localhost:9095
2025/03/01 21:32:17 Received request: GET / Server: localhost:9095
2025/03/01 21:32:17 Received request: GET / Server: localhost:9095
2025/03/01 21:32:17 Received request: GET / Server: localhost:9095
2025/03/01 21:32:17 Received request: GET / Server: localhost:9095
2025/03/01 21:32:17 Received request: GET / Server: localhost:9095
2025/03/01 21:32:17 Received request: GET / Server: localhost:9095
2025/03/01 21:32:17 Received request: GET / Server: localhost:9095
2025/03/01 21:32:17 Received request: GET / Server: localhost:9095
2025/03/01 21:32:17 Received request: GET / Server: localhost:9095
2025/03/01 21:32:17 Received request: GET / Server: localhost:9095
2025/03/01 21:32:18 Received request: GET / Server: localhost:9095
2025/03/01 21:32:18 Request completed: GET / Server: localhost:9095 Server URL: http://localhost:9091
2025/03/01 21:32:18 Request completed: GET / Server: localhost:9095 Server URL: http://localhost:9092
2025/03/01 21:32:18 Request completed: GET / Server: localhost:9095 Server URL: http://localhost:9090
2025/03/01 21:32:18 Received request: GET / Server: localhost:9095
2025/03/01 21:32:18 Received request: GET / Server: localhost:9095
2025/03/01 21:32:18 Received request: GET / Server: localhost:9095
2025/03/01 21:32:18 Received request: GET / Server: localhost:9095
2025/03/01 21:32:18 Received request: GET / Server: localhost:9095
2025/03/01 21:32:18 Received request: GET / Server: localhost:9095
2025/03/01 21:32:18 Received request: GET / Server: localhost:9095
2025/03/01 21:32:18 Received request: GET / Server: localhost:9095
2025/03/01 21:32:19 Received request: GET / Server: localhost:9095
2025/03/01 21:32:19 Received request: GET / Server: localhost:9095
2025/03/01 21:32:19 Received request: GET / Server: localhost:9095
2025/03/01 21:32:19 Received request: GET / Server: localhost:9095
2025/03/01 21:32:19 Received request: GET / Server: localhost:9095
2025/03/01 21:32:19 Received request: GET / Server: localhost:9095
2025/03/01 21:32:19 Received request: GET / Server: localhost:9095
2025/03/01 21:32:19 Received request: GET / Server: localhost:9095
2025/03/01 21:32:19 Received request: GET / Server: localhost:9095
2025/03/01 21:32:20 Received request: GET / Server: localhost:9095
2025/03/01 21:32:20 Received request: GET / Server: localhost:9095
2025/03/01 21:32:20 Received request: GET / Server: localhost:9095
2025/03/01 21:32:20 Received request: GET / Server: localhost:9095
2025/03/01 21:32:20 Received request: GET / Server: localhost:9095
2025/03/01 21:32:20 Received request: GET / Server: localhost:9095
2025/03/01 21:32:20 Received request: GET / Server: localhost:9095
2025/03/01 21:32:20 Received request: GET / Server: localhost:9095
2025/03/01 21:32:20 Received request: GET / Server: localhost:9095
2025/03/01 21:32:21 Received request: GET / Server: localhost:9095
2025/03/01 21:32:21 Received request: GET / Server: localhost:9095
2025/03/01 21:32:21 Request completed: GET / Server: localhost:9095 Server URL: http://localhost:9091
2025/03/01 21:32:21 Request completed: GET / Server: localhost:9095 Server URL: http://localhost:9090
2025/03/01 21:32:21 Request completed: GET / Server: localhost:9095 Server URL: http://localhost:9092
2025/03/01 21:32:21 Received request: GET / Server: localhost:9095
2025/03/01 21:32:21 Received request: GET / Server: localhost:9095
2025/03/01 21:32:21 Received request: GET / Server: localhost:9095
2025/03/01 21:32:21 Received request: GET / Server: localhost:9095
2025/03/01 21:32:21 Received request: GET / Server: localhost:9095
2025/03/01 21:32:21 Received request: GET / Server: localhost:9095
2025/03/01 21:32:21 Received request: GET / Server: localhost:9095
2025/03/01 21:32:22 Received request: GET / Server: localhost:9095
2025/03/01 21:32:22 Received request: GET / Server: localhost:9095
2025/03/01 21:32:22 Received request: GET / Server: localhost:9095
2025/03/01 21:32:22 Received request: GET / Server: localhost:9095
2025/03/01 21:32:22 Received request: GET / Server: localhost:9095
2025/03/01 21:32:22 Received request: GET / Server: localhost:9095
2025/03/01 21:32:22 Received request: GET / Server: localhost:9095
2025/03/01 21:32:22 Received request: GET / Server: localhost:9095
2025/03/01 21:32:22 Received request: GET / Server: localhost:9095
2025/03/01 21:32:23 Received request: GET / Server: localhost:9095
2025/03/01 21:32:24 Request completed: GET / Server: localhost:9095 Server URL: http://localhost:9090
2025/03/01 21:32:24 Request completed: GET / Server: localhost:9095 Server URL: http://localhost:9091
2025/03/01 21:32:24 Request completed: GET / Server: localhost:9095 Server URL: http://localhost:9092
2025/03/01 21:32:27 Request completed: GET / Server: localhost:9095 Server URL: http://localhost:9091
2025/03/01 21:32:27 Request completed: GET / Server: localhost:9095 Server URL: http://localhost:9090
2025/03/01 21:32:27 Request completed: GET / Server: localhost:9095 Server URL: http://localhost:9092
2025/03/01 21:32:30 Request completed: GET / Server: localhost:9095 Server URL: http://localhost:9092
2025/03/01 21:32:30 Request completed: GET / Server: localhost:9095 Server URL: http://localhost:9090
2025/03/01 21:32:30 Request completed: GET / Server: localhost:9095 Server URL: http://localhost:9091
2025/03/01 21:32:33 Request completed: GET / Server: localhost:9095 Server URL: http://localhost:9091
2025/03/01 21:32:33 Request completed: GET / Server: localhost:9095 Server URL: http://localhost:9092
2025/03/01 21:32:33 Request completed: GET / Server: localhost:9095 Server URL: http://localhost:9090
2025/03/01 21:32:36 Request completed: GET / Server: localhost:9095 Server URL: http://localhost:9092
2025/03/01 21:32:36 Request completed: GET / Server: localhost:9095 Server URL: http://localhost:9091
2025/03/01 21:32:36 Request completed: GET / Server: localhost:9095 Server URL: http://localhost:9090
2025/03/01 21:32:39 Request completed: GET / Server: localhost:9095 Server URL: http://localhost:9091
2025/03/01 21:32:39 Request completed: GET / Server: localhost:9095 Server URL: http://localhost:9090
2025/03/01 21:32:39 Request completed: GET / Server: localhost:9095 Server URL: http://localhost:9092
2025/03/01 21:32:42 Request completed: GET / Server: localhost:9095 Server URL: http://localhost:9091
2025/03/01 21:32:42 Request completed: GET / Server: localhost:9095 Server URL: http://localhost:9092
2025/03/01 21:32:42 Request completed: GET / Server: localhost:9095 Server URL: http://localhost:9090
2025/03/01 21:32:45 Request completed: GET / Server: localhost:9095 Server URL: http://localhost:9092
2025/03/01 21:32:45 Request completed: GET / Server: localhost:9095 Server URL: http://localhost:9091
2025/03/01 21:32:45 Request completed: GET / Server: localhost:9095 Server URL: http://localhost:9090
2025/03/01 21:32:48 Request completed: GET / Server: localhost:9095 Server URL: http://localhost:9092
2025/03/01 21:32:48 Request completed: GET / Server: localhost:9095 Server URL: http://localhost:9090
2025/03/01 21:32:48 Request completed: GET / Server: localhost:9095 Server URL: http://localhost:9091
2025/03/01 21:32:51 Request completed: GET / Server: localhost:9095 Server URL: http://localhost:9090
2025/03/01 21:32:51 Request completed: GET / Server: localhost:9095 Server URL: http://localhost:9091
2025/03/01 21:32:51 Request completed: GET / Server: localhost:9095 Server URL: http://localhost:9092
2025/03/01 21:32:54 Request completed: GET / Server: localhost:9095 Server URL: http://localhost:9090
2025/03/01 21:32:54 Request completed: GET / Server: localhost:9095 Server URL: http://localhost:9091
2025/03/01 21:32:54 Request completed: GET / Server: localhost:9095 Server URL: http://localhost:9092
2025/03/01 21:32:57 Request completed: GET / Server: localhost:9095 Server URL: http://localhost:9091
2025/03/01 21:32:57 Request completed: GET / Server: localhost:9095 Server URL: http://localhost:9090
2025/03/01 21:32:57 Request completed: GET / Server: localhost:9095 Server URL: http://localhost:9092
2025/03/01 21:33:00 Request completed: GET / Server: localhost:9095 Server URL: http://localhost:9092
2025/03/01 21:33:00 Request completed: GET / Server: localhost:9095 Server URL: http://localhost:9091
2025/03/01 21:33:00 Request completed: GET / Server: localhost:9095 Server URL: http://localhost:9090
2025/03/01 21:33:03 Request completed: GET / Server: localhost:9095 Server URL: http://localhost:9091
2025/03/01 21:33:03 Request completed: GET / Server: localhost:9095 Server URL: http://localhost:9090
2025/03/01 21:33:03 Request completed: GET / Server: localhost:9095 Server URL: http://localhost:9092
2025/03/01 21:33:06 Request completed: GET / Server: localhost:9095 Server URL: http://localhost:9091
2025/03/01 21:33:06 Request completed: GET / Server: localhost:9095 Server URL: http://localhost:9092
2025/03/01 21:33:06 Request completed: GET / Server: localhost:9095 Server URL: http://localhost:9090
2025/03/01 21:33:09 Request completed: GET / Server: localhost:9095 Server URL: http://localhost:9090
2025/03/01 21:33:09 Request completed: GET / Server: localhost:9095 Server URL: http://localhost:9091
2025/03/01 21:33:09 Request completed: GET / Server: localhost:9095 Server URL: http://localhost:9092
2025/03/01 21:33:12 Request completed: GET / Server: localhost:9095 Server URL: http://localhost:9090
2025/03/01 21:33:12 Request completed: GET / Server: localhost:9095 Server URL: http://localhost:9092
2025/03/01 21:33:12 Request completed: GET / Server: localhost:9095 Server URL: http://localhost:9091
2025/03/01 21:33:15 Request completed: GET / Server: localhost:9095 Server URL: http://localhost:9090
2025/03/01 21:33:15 Request completed: GET / Server: localhost:9095 Server URL: http://localhost:9092
2025/03/01 21:33:15 Request completed: GET / Server: localhost:9095 Server URL: http://localhost:9091
2025/03/01 21:33:18 Request completed: GET / Server: localhost:9095 Server URL: http://localhost:9091
2025/03/01 21:33:18 Request completed: GET / Server: localhost:9095 Server URL: http://localhost:9090
2025/03/01 21:33:18 Request completed: GET / Server: localhost:9095 Server URL: http://localhost:9092
2025/03/01 21:33:21 Request completed: GET / Server: localhost:9095 Server URL: http://localhost:9091
2025/03/01 21:33:21 Request completed: GET / Server: localhost:9095 Server URL: http://localhost:9090
2025/03/01 21:33:21 Request completed: GET / Server: localhost:9095 Server URL: http://localhost:9092
2025/03/01 21:33:24 Request completed: GET / Server: localhost:9095 Server URL: http://localhost:9092
2025/03/01 21:33:24 Request completed: GET / Server: localhost:9095 Server URL: http://localhost:9090
2025/03/01 21:33:24 Request completed: GET / Server: localhost:9095 Server URL: http://localhost:9091
2025/03/01 21:33:27 Request completed: GET / Server: localhost:9095 Server URL: http://localhost:9090
2025/03/01 21:33:27 Request completed: GET / Server: localhost:9095 Server URL: http://localhost:9092
2025/03/01 21:33:27 Request completed: GET / Server: localhost:9095 Server URL: http://localhost:9091
2025/03/01 21:33:30 Request completed: GET / Server: localhost:9095 Server URL: http://localhost:9091
2025/03/01 21:33:30 Request completed: GET / Server: localhost:9095 Server URL: http://localhost:9092
2025/03/01 21:33:30 Request completed: GET / Server: localhost:9095 Server URL: http://localhost:9090
2025/03/01 21:33:33 Request completed: GET / Server: localhost:9095 Server URL: http://localhost:9092
2025/03/01 21:33:33 Request completed: GET / Server: localhost:9095 Server URL: http://localhost:9090
2025/03/01 21:33:33 Request completed: GET / Server: localhost:9095 Server URL: http://localhost:9091
2025/03/01 21:33:36 Request completed: GET / Server: localhost:9095 Server URL: http://localhost:9090
2025/03/01 21:33:36 Request completed: GET / Server: localhost:9095 Server URL: http://localhost:9092
2025/03/01 21:33:36 Request completed: GET / Server: localhost:9095 Server URL: http://localhost:9091
2025/03/01 21:33:39 Request completed: GET / Server: localhost:9095 Server URL: http://localhost:9090
2025/03/01 21:33:39 Request completed: GET / Server: localhost:9095 Server URL: http://localhost:9092
2025/03/01 21:33:39 Request completed: GET / Server: localhost:9095 Server URL: http://localhost:9091
2025/03/01 21:33:42 Request completed: GET / Server: localhost:9095 Server URL: http://localhost:9091
2025/03/01 21:33:42 Request completed: GET / Server: localhost:9095 Server URL: http://localhost:9092
2025/03/01 21:33:42 Request completed: GET / Server: localhost:9095 Server URL: http://localhost:9090
2025/03/01 21:33:45 Request completed: GET / Server: localhost:9095 Server URL: http://localhost:9090
2025/03/01 21:33:45 Request completed: GET / Server: localhost:9095 Server URL: http://localhost:9092
2025/03/01 21:33:45 Request completed: GET / Server: localhost:9095 Server URL: http://localhost:9091
2025/03/01 21:33:48 Request completed: GET / Server: localhost:9095 Server URL: http://localhost:9091
2025/03/01 21:33:48 Request completed: GET / Server: localhost:9095 Server URL: http://localhost:9092
2025/03/01 21:33:48 Request completed: GET / Server: localhost:9095 Server URL: http://localhost:9090
2025/03/01 21:33:51 Request completed: GET / Server: localhost:9095 Server URL: http://localhost:9092
2025/03/01 21:33:51 Request completed: GET / Server: localhost:9095 Server URL: http://localhost:9091
2025/03/01 21:33:51 Request completed: GET / Server: localhost:9095 Server URL: http://localhost:9090
2025/03/01 21:33:54 Request completed: GET / Server: localhost:9095 Server URL: http://localhost:9090
2025/03/01 21:33:54 Request completed: GET / Server: localhost:9095 Server URL: http://localhost:9091
2025/03/01 21:33:54 Request completed: GET / Server: localhost:9095 Server URL: http://localhost:9092
